-------------------------------------------------------------------------------
Test set: com.totallyquiche.stringcalculator.StringCalculatorTest
-------------------------------------------------------------------------------
Tests run: 3, Failures: 0, Errors: 1, Skipped: 0, Time elapsed: 0.019 s <<< FAILURE! - in com.totallyquiche.stringcalculator.StringCalculatorTest
shouldReturn0WhenGivenEmptyString(com.totallyquiche.stringcalculator.StringCalculatorTest)  Time elapsed: 0.004 s  <<< ERROR!
java.lang.NumberFormatException: For input string: ""
	at com.totallyquiche.stringcalculator.StringCalculatorTest.shouldReturn0WhenGivenEmptyString(StringCalculatorTest.java:13)

