<?xml version="1.0" encoding="UTF-8"?>
<testsuite xmlns:xsi="http://www.w3.org/2001/XMLSchema-instance" xsi:noNamespaceSchemaLocation="https://maven.apache.org/surefire/maven-surefire-plugin/xsd/surefire-test-report.xsd" name="com.totallyquiche.stringcalculator.StringCalculatorTest" time="0.019" tests="3" errors="1" skipped="0" failures="0">
  <properties>
[...]
</properties>
  <testcase name="shouldReturnSumOfTwoNumbers" classname="com.totallyquiche.stringcalculator.StringCalculatorTest" time="0.002"/>
  <testcase name="shouldReturnNumberWhenGivenSingleNumber" classname="com.totallyquiche.stringcalculator.StringCalculatorTest" time="0"/>
  <testcase name="shouldReturn0WhenGivenEmptyString" classname="com.totallyquiche.stringcalculator.StringCalculatorTest" time="0.004">
    <error message="For input string: &quot;&quot;" type="java.lang.NumberFormatException">java.lang.NumberFormatException: For input string: ""
	at com.totallyquiche.stringcalculator.StringCalculatorTest.shouldReturn0WhenGivenEmptyString(StringCalculatorTest.java:13)
</error>
  </testcase>
</testsuite>